<?xml version="1.0" encoding="UTF-8"?>
<!-- Generated by org.testng.reporters.JUnitReportReporter -->
<testsuite hostname="Sandhya-PC" failures="0" tests="7" name="testCases.TC03_LoginDDT$TC003_LoginDDT" time="56.597" errors="0" timestamp="2025-06-17T15:10:03 CDT" skipped="0">
  <testcase classname="testCases.TC03_LoginDDT$TC003_LoginDDT" name="verify_loginDDT" time="5.732"/>
  <testcase classname="testCases.TC03_LoginDDT$TC003_LoginDDT" name="verify_loginDDT" time="14.462"/>
  <testcase classname="testCases.TC03_LoginDDT$TC003_LoginDDT" name="verify_loginDDT" time="5.797"/>
  <testcase classname="testCases.TC03_LoginDDT$TC003_LoginDDT" name="verify_loginDDT" time="4.823"/>
  <testcase classname="testCases.TC03_LoginDDT$TC003_LoginDDT" name="verify_loginDDT" time="5.641"/>
  <testcase classname="testCases.TC03_LoginDDT$TC003_LoginDDT" name="verify_loginDDT" time="5.697"/>
  <testcase classname="testCases.TC03_LoginDDT$TC003_LoginDDT" name="verify_loginDDT" time="14.445"/>
</testsuite> <!-- testCases.TC03_LoginDDT$TC003_LoginDDT -->
