<?xml version="1.0" encoding="UTF-8"?>
<!-- Generated by org.testng.reporters.JUnitReportReporter -->
<testsuite hostname="Sandhya-PC" failures="0" tests="1" name="testCases.TC01_AccountRegistrationTest" time="2.816" errors="0" timestamp="2025-06-17T13:37:30 CDT" skipped="0">
  <testcase classname="testCases.TC01_AccountRegistrationTest" name="verify_AccountRegistration" time="2.816"/>
</testsuite> <!-- testCases.TC01_AccountRegistrationTest -->
