<?xml version="1.0" encoding="UTF-8"?>
<!-- Generated by org.testng.reporters.JUnitReportReporter -->
<testsuite hostname="Sandhya-PC" failures="0" tests="7" name="testCases.TC03_LoginDDT$TC003_LoginDDT" time="55.358" errors="0" timestamp="2025-06-18T10:15:40 CDT" skipped="0">
  <testcase classname="testCases.TC03_LoginDDT$TC003_LoginDDT" name="verify_loginDDT" time="13.813"/>
  <testcase classname="testCases.TC03_LoginDDT$TC003_LoginDDT" name="verify_loginDDT" time="5.476"/>
  <testcase classname="testCases.TC03_LoginDDT$TC003_LoginDDT" name="verify_loginDDT" time="4.808"/>
  <testcase classname="testCases.TC03_LoginDDT$TC003_LoginDDT" name="verify_loginDDT" time="5.511"/>
  <testcase classname="testCases.TC03_LoginDDT$TC003_LoginDDT" name="verify_loginDDT" time="5.864"/>
  <testcase classname="testCases.TC03_LoginDDT$TC003_LoginDDT" name="verify_loginDDT" time="5.488"/>
  <testcase classname="testCases.TC03_LoginDDT$TC003_LoginDDT" name="verify_loginDDT" time="14.398"/>
</testsuite> <!-- testCases.TC03_LoginDDT$TC003_LoginDDT -->
